n1133
n1133
n1133
n1133
n1133
n1133
n1133
n1133
n1133
n1133
n1133
n1133
n1133
n1133
n1133
n1133
n1133
n1133
n1133
n1133
n1133
n1133
n1133
n1133
n1133
n1133
n1133
n1133
n1133
n1133
n1133
n1133
n86
n86
n86
n86
n86
n86
n86
n86
n86
n86
n86
n86
n86
n86
n86
n86
n86
n86
n86
n86
n86
n86
n86
n86
n86
n86
n86
n86
n86
n86
n86
n86
 number of processors is not equal to nsubdomains!  ntasks=          64 
    nsubdomains=         128
srun: error: n86: tasks 0-31: Exited with exit code 9
srun: Terminating StepId=48838986.0
srun: error: n1133: tasks 32-63: Exited with exit code 9
