n193
n193
n193
n193
n193
n193
n193
n193
n193
n193
n193
n193
n193
n193
n193
n193
n193
n193
n193
n193
n193
n193
n193
n193
n193
n193
n193
n193
n193
n193
n193
 number of processors is not equal to nsubdomains!  ntasks=          64 
    nsubdomains=         128
n193
n194
n194
n194
n194
n194
n194
n194
n194
n194
n194
n194
n194
n194
n194
n194
n194
n194
n194
n194
n194
n194
n194
n194
n194
n194
n194
n194
n194
n194
n194
n194
n194
srun: error: n193: tasks 0-31: Exited with exit code 9
srun: Terminating StepId=48839022.0
srun: error: n194: tasks 32-63: Exited with exit code 9
