n1395
n1395
n1395
n1395
n1395
n1395
n1395
n1395
n1395
n1395
n1395
n1395
n1395
n1395
n1395
n1395
n1395
n1395
n1395
n1395
n1395
n1395
n1395
n1395
n1395
n1395
n1395
n1395
n1395
n1395
n1395
n1395
n1398
n1398
n1398
n1398
n1398
n1398
n1398
n1398
n1398
n1398
n1398
n1398
n1398
n1398
n1398
n1398
n1398
n1398
n1398
n1398
n1398
n1398
n1398
n1398
n1398
n1398
n1398
n1398
n1398
n1398
n1398
n1398
 number of MPI tasks:          64
 ==============================================================
  You have chosen to use            1  ice categories in MICRO_P3.
 ==============================================================
 ==============================================================
  You have chosen to use            1  ice categories in MICRO_P3.
 ==============================================================
 ==============================================================
  You have chosen to use            1  ice categories in MICRO_P3.
 ==============================================================
 ==============================================================
  You have chosen to use            1  ice categories in MICRO_P3.
 ==============================================================
 ==============================================================
  You have chosen to use            1  ice categories in MICRO_P3.
 ==============================================================
 ==============================================================
  You have chosen to use            1  ice categories in MICRO_P3.
 ==============================================================
 ==============================================================
  You have chosen to use            1  ice categories in MICRO_P3.
 ==============================================================
 ==============================================================
  You have chosen to use            1  ice categories in MICRO_P3.
 ==============================================================
 ==============================================================
  You have chosen to use            1  ice categories in MICRO_P3.
 ==============================================================
 ==============================================================
  You have chosen to use            1  ice categories in MICRO_P3.
 ==============================================================
 ==============================================================
  You have chosen to use            1  ice categories in MICRO_P3.
 ==============================================================
 ==============================================================
  You have chosen to use            1  ice categories in MICRO_P3.
 ==============================================================
 ==============================================================
  You have chosen to use            1  ice categories in MICRO_P3.
 ==============================================================
 ==============================================================
  You have chosen to use            1  ice categories in MICRO_P3.
 ==============================================================
 ==============================================================
  You have chosen to use            1  ice categories in MICRO_P3.
 ==============================================================
 ==============================================================
  You have chosen to use            1  ice categories in MICRO_P3.
 ==============================================================
 ==============================================================
  You have chosen to use            1  ice categories in MICRO_P3.
 ==============================================================
 ==============================================================
  You have chosen to use            1  ice categories in MICRO_P3.
 ==============================================================
 ==============================================================
  You have chosen to use            1  ice categories in MICRO_P3.
 ==============================================================
 ==============================================================
  You have chosen to use            1  ice categories in MICRO_P3.
 ==============================================================
 ==============================================================
  You have chosen to use            1  ice categories in MICRO_P3.
 ==============================================================
 ==============================================================
  You have chosen to use            1  ice categories in MICRO_P3.
 ==============================================================
 ==============================================================
  You have chosen to use            1  ice categories in MICRO_P3.
 ==============================================================
 ==============================================================
  You have chosen to use            1  ice categories in MICRO_P3.
 ==============================================================
 ==============================================================
 ==============================================================
  You have chosen to use            1  ice categories in MICRO_P3.
 ==============================================================
  You have chosen to use            1  ice categories in MICRO_P3.
 ==============================================================
 ==============================================================
  You have chosen to use            1  ice categories in MICRO_P3.
 ==============================================================
 ==============================================================
  You have chosen to use            1  ice categories in MICRO_P3.
 ==============================================================
 ==============================================================
  You have chosen to use            1  ice categories in MICRO_P3.
 ==============================================================
 ==============================================================
  You have chosen to use            1  ice categories in MICRO_P3.
 ==============================================================
 ==============================================================
  You have chosen to use            1  ice categories in MICRO_P3.
 ==============================================================
 ==============================================================
 ==============================================================
  You have chosen to use            1  ice categories in MICRO_P3.
 ==============================================================
 ==============================================================
  You have chosen to use            1  ice categories in MICRO_P3.
 ==============================================================
 ==============================================================
  You have chosen to use            1  ice categories in MICRO_P3.
 ==============================================================
 ==============================================================
  You have chosen to use            1  ice categories in MICRO_P3.
 ==============================================================
           **************************************************
           **************************************************
           *                                                *
           *      *****          **       ***          **   *
           *    ***   ***       ****      ****       ****   *
           *   ***     ***     *** ***    *****     *****   *
           *    ***           ***   ***   *** **   ** ***   *
           *       ***       ***     ***  ***  ** **  ***   *
           *          ***    ***     ***  ***   ***   ***   *
           *   ***     ***   ***********  ***         ***   *
           *    ***   ***    ***     ***  ***         ***   *
           *      *****      ***     ***  ***         ***   *
           *                                                *
           **************************************************
           **************************************************
           ***       System for Atmospheric Modeling      ***
 ==============================================================
  You have chosen to use            1  ice categories in MICRO_P3.
 ==============================================================
           ***                    SAM                     ***
                     Version 6.10.9 (Feb 2016)  
 ==============================================================
  You have chosen to use            1  ice categories in MICRO_P3.
 ==============================================================
           **************************************************
           ***     (C) Marat Khairoutdinov                ***
           *** School of Marine and Atmospheric Sciences  ***
           ***       Stony Brook University               ***
           **************************************************
           ***       The model can be used only with      ***
           ***         permission from the author!        ***
           ***       No transfer to any third party       ***
           ***                is allowed!                 ***
           **************************************************
           **************************************************
           ***       DATE 11/28/25 TIME 09:38:49          ***
           **************************************************
 
 ==============================================================
  You have chosen to use            1  ice categories in MICRO_P3.
 ==============================================================
 ==============================================================
  You have chosen to use            1  ice categories in MICRO_P3.
 ==============================================================
 ==============================================================
  You have chosen to use            1  ice categories in MICRO_P3.
 ==============================================================
 ==============================================================
  You have chosen to use            1  ice categories in MICRO_P3.
 ==============================================================
 ==============================================================
  You have chosen to use            1  ice categories in MICRO_P3.
 ==============================================================
 ==============================================================
  You have chosen to use            1  ice categories in MICRO_P3.
 ==============================================================
 ==============================================================
  You have chosen to use            1  ice categories in MICRO_P3.
 ==============================================================
 ==============================================================
  You have chosen to use            1  ice categories in MICRO_P3.
 ==============================================================
  You have chosen to use            1  ice categories in MICRO_P3.
 ==============================================================
 ==============================================================
  You have chosen to use            1  ice categories in MICRO_P3.
 ==============================================================
 ==============================================================
 ==============================================================
  You have chosen to use            1  ice categories in MICRO_P3.
  You have chosen to use            1  ice categories in MICRO_P3.
 ==============================================================
 ==============================================================
 ==============================================================
  You have chosen to use            1  ice categories in MICRO_P3.
 ==============================================================
 ==============================================================
  You have chosen to use            1  ice categories in MICRO_P3.
 ==============================================================
 ==============================================================
  You have chosen to use            1  ice categories in MICRO_P3.
 ==============================================================
 ==============================================================
  You have chosen to use            1  ice categories in MICRO_P3.
 ==============================================================
 ==============================================================
  You have chosen to use            1  ice categories in MICRO_P3.
 ==============================================================
 ==============================================================
  You have chosen to use            1  ice categories in MICRO_P3.
 ==============================================================
 ==============================================================
  You have chosen to use            1  ice categories in MICRO_P3.
 ==============================================================
 ==============================================================
 ==============================================================
  You have chosen to use            1  ice categories in MICRO_P3.
 ==============================================================
  You have chosen to use            1  ice categories in MICRO_P3.
 ==============================================================
 ==============================================================
  You have chosen to use            1  ice categories in MICRO_P3.
 ==============================================================
 ==============================================================
  You have chosen to use            1  ice categories in MICRO_P3.
 ==============================================================
 ==============================================================
  You have chosen to use            1  ice categories in MICRO_P3.
 ==============================================================
 ==============================================================
  You have chosen to use            1  ice categories in MICRO_P3.
 ==============================================================
 ==============================================================
  You have chosen to use            1  ice categories in MICRO_P3.
 ==============================================================
 ==============================================================
  You have chosen to use            1  ice categories in MICRO_P3.
 ==============================================================
 
 surface pressure:    1014.80000000000     
 
  P3 microphysics: v3.1.14          
    P3_INIT (reading/creating look-up tables [v4.1, v4.1]) ...
    P3_INIT DONE.
 
 Initial Sounding:
  k      z    rho     rhoi    s      h     h*      qt      u      v     adz     
 Nsq
 128 27750.0  0.024  0.024 466.84 466.84 467.10   0.00   0.00   0.00  6.667     0.4895E-03
 127 27500.0  0.025  0.025 464.40 464.40 464.65   0.00   0.00   0.00  6.667     0.4835E-03
 126 27250.0  0.026  0.026 461.99 461.99 462.23   0.00   0.00   0.00  6.667     0.4895E-03
 125 27000.0  0.027  0.028 459.55 459.55 459.78   0.00   0.00   0.00  6.667     0.4835E-03
 124 26750.0  0.028  0.029 457.13 457.13 457.36   0.00   0.00   0.00  6.667     0.4895E-03
 123 26500.0  0.030  0.030 454.69 454.69 454.90   0.00   0.00   0.00  6.667     0.4835E-03
 122 26250.0  0.031  0.032 452.28 452.28 452.48   0.00   0.00   0.00  6.667     0.4895E-03
 121 26000.0  0.032  0.033 449.84 449.84 450.03   0.00   0.00   0.00  6.667     0.4835E-03
 120 25750.0  0.034  0.034 447.42 447.42 447.61   0.00   0.00   0.00  6.667     0.4895E-03
 119 25500.0  0.035  0.036 444.98 444.98 445.16   0.00   0.00   0.00  6.667     0.4835E-03
 118 25250.0  0.037  0.038 442.57 442.57 442.74   0.00   0.00   0.00  6.667     0.4895E-03
 117 25000.0  0.038  0.039 440.13 440.13 440.29   0.00   0.00   0.00  6.667     0.4835E-03
 116 24750.0  0.040  0.041 437.71 437.71 437.87   0.00   0.00   0.00  6.667     0.4895E-03
 115 24500.0  0.042  0.043 435.27 435.27 435.42   0.00   0.00   0.00  6.667     0.4835E-03
 114 24250.0  0.044  0.045 432.85 432.85 433.00   0.00   0.00   0.00  6.667     0.4895E-03
 113 24000.0  0.046  0.047 430.41 430.41 430.55   0.00   0.00   0.00  6.667     0.4835E-03
 112 23750.0  0.048  0.049 428.00 428.00 428.13   0.00   0.00   0.00  6.667     0.4895E-03
 111 23500.0  0.050  0.051 425.55 425.55 425.68   0.00   0.00   0.00  6.667     0.4835E-03
 110 23250.0  0.052  0.053 423.14 423.14 423.26   0.00   0.00   0.00  6.667     0.4895E-03
 109 23000.0  0.054  0.056 420.69 420.69 420.81   0.00   0.00   0.00  6.667     0.4835E-03
 108 22750.0  0.057  0.058 418.28 418.28 418.39   0.00   0.00   0.00  6.667     0.4895E-03
 107 22500.0  0.059  0.061 415.83 415.83 415.94   0.00   0.00   0.00  6.667     0.4835E-03
 106 22250.0  0.062  0.063 413.42 413.42 413.52   0.00   0.00   0.00  6.667     0.4895E-03
 105 22000.0  0.065  0.066 410.97 410.97 411.07   0.00   0.00   0.00  6.667     0.4835E-03
 104 21750.0  0.068  0.069 408.56 408.56 408.65   0.00   0.00   0.00  6.667     0.4895E-03
 103 21500.0  0.071  0.072 406.11 406.11 406.20   0.00   0.00   0.00  6.667     0.4835E-03
 102 21250.0  0.074  0.075 403.70 403.70 403.78   0.00   0.00   0.00  6.667     0.4895E-03
 101 21000.0  0.077  0.079 401.25 401.25 401.33   0.00   0.00   0.00  6.667     0.4835E-03
 100 20750.0  0.080  0.082 398.84 398.84 398.92   0.00   0.00   0.00  6.667     0.4895E-03
  99 20500.0  0.084  0.086 396.39 396.39 396.47   0.00   0.00   0.00  6.667     0.4835E-03
  98 20250.0  0.088  0.090 393.97 393.97 394.05   0.00   0.00   0.00  6.667     0.4895E-03
  97 20000.0  0.092  0.094 391.53 391.53 391.60   0.00   0.00   0.00  6.667     0.4835E-03
  96 19750.0  0.096  0.098 389.11 389.11 389.18   0.00   0.00   0.00  6.667     0.4895E-03
  95 19500.0  0.100  0.102 386.66 386.66 386.73   0.00   0.00   0.00  6.667     0.4835E-03
  94 19250.0  0.104  0.107 384.25 384.25 384.31   0.00   0.00   0.00  6.667     0.4895E-03
  93 19000.0  0.109  0.111 381.80 381.80 381.86   0.00   0.00   0.00  6.667     0.4835E-03
  92 18750.0  0.114  0.116 379.38 379.38 379.44   0.00   0.00   0.00  6.667     0.4895E-03
  91 18500.0  0.119  0.122 376.94 376.94 376.99   0.00   0.00   0.00  6.667     0.4835E-03
  90 18250.0  0.124  0.127 374.52 374.52 374.57   0.00   0.00   0.00  6.667     0.4895E-03
  89 18000.0  0.130  0.133 372.07 372.07 372.12   0.00   0.00   0.00  6.667     0.4835E-03
  88 17750.0  0.136  0.139 369.65 369.65 369.70   0.00   0.00   0.00  6.667     0.4895E-03
  87 17500.0  0.142  0.145 367.21 367.21 367.25   0.00   0.00   0.00  6.667     0.4835E-03
  86 17250.0  0.148  0.151 364.79 364.79 364.83   0.00   0.00   0.00  6.667     0.4895E-03
  85 17000.0  0.155  0.158 362.34 362.34 362.38   0.00   0.00   0.00  6.667     0.4835E-03
  84 16750.0  0.161  0.165 359.92 359.92 359.96   0.00   0.00   0.00  6.667     0.4895E-03
  83 16500.0  0.169  0.172 357.47 357.47 357.51   0.00   0.00   0.00  6.667     0.4835E-03
  82 16250.0  0.176  0.180 355.05 355.05 355.09   0.00   0.00   0.00  6.667     0.4895E-03
  81 16000.0  0.184  0.188 352.61 352.61 352.64   0.00   0.00   0.00  6.667     0.4835E-03
  80 15750.0  0.192  0.196 350.19 350.19 350.22   0.00   0.00   0.00  6.667     0.4895E-03
  79 15500.0  0.201  0.205 347.74 347.74 347.77   0.00   0.00   0.00  6.667     0.4836E-03
  78 15250.0  0.209  0.214 345.32 345.33 345.35   0.00   0.00   0.00  6.667     0.4896E-03
  77 15000.0  0.219  0.223 342.87 342.88 342.90   0.01   0.00   0.00  6.667     0.1514E-03
  76 14750.0  0.227  0.230 342.11 342.13 342.15   0.01   0.00   0.00  6.667     0.1519E-03
  75 14500.0  0.235  0.239 341.35 341.37 341.38   0.01   0.00   0.00  6.667     0.1489E-03
  74 14250.0  0.243  0.247 340.59 340.61 340.63   0.01   0.00   0.00  6.667     0.1494E-03
  73 14000.0  0.251  0.255 339.82 339.85 339.87   0.01   0.00   0.00  6.667     0.1464E-03
  72 13750.0  0.260  0.264 339.07 339.10 339.13   0.01   0.00   0.00  6.667     0.1470E-03
  71 13500.0  0.268  0.273 338.30 338.34 338.37   0.02   0.00   0.00  6.667     0.1441E-03
  70 13250.0  0.277  0.282 337.54 337.59 337.63   0.02   0.00   0.00  6.667     0.1446E-03
  69 13000.0  0.287  0.291 336.77 336.83 336.88   0.02   0.00   0.00  6.667     0.1419E-03
  68 12750.0  0.296  0.301 336.02 336.08 336.15   0.03   0.00   0.00  6.667     0.1424E-03
  67 12500.0  0.306  0.311 335.25 335.33 335.41   0.03   0.00   0.00  6.667     0.1397E-03
  66 12250.0  0.316  0.321 334.49 334.59 334.68   0.04   0.00   0.00  6.667     0.1402E-03
  65 12000.0  0.326  0.331 333.72 333.84 333.95   0.05   0.00   0.00  6.667     0.1376E-03
  64 11750.0  0.337  0.342 332.96 333.10 333.23   0.06   0.00   0.00  6.667     0.1381E-03
  63 11500.0  0.347  0.353 332.20 332.36 332.51   0.06   0.00   0.00  6.667     0.1356E-03
  62 11250.0  0.358  0.364 331.44 331.63 331.80   0.08   0.00   0.00  6.667     0.1361E-03
  61 11000.0  0.370  0.375 330.67 330.89 331.09   0.09   0.00   0.00  6.667     0.1337E-03
  60 10750.0  0.381  0.387 329.91 330.17 330.40   0.11   0.00   0.00  6.667     0.1342E-03
  59 10500.0  0.393  0.399 329.14 329.44 329.71   0.12   0.00   0.00  6.667     0.1319E-03
  58 10250.0  0.405  0.411 328.38 328.74 329.04   0.14   0.00   0.00  6.667     0.1323E-03
  57 10000.0  0.417  0.423 327.61 328.02 328.37   0.17   0.00   0.00  6.667     0.1302E-03
  56  9750.0  0.430  0.436 326.84 327.33 327.73   0.20   0.00   0.00  6.667     0.1306E-03
  55  9500.0  0.443  0.449 326.07 326.63 327.08   0.22   0.00   0.00  6.667     0.1285E-03
  54  9250.0  0.456  0.463 325.31 325.96 326.47   0.26   0.00   0.00  6.667     0.1290E-03
  53  9000.0  0.469  0.476 324.54 325.29 325.86   0.30   0.00   0.00  6.667     0.1270E-03
  52  8750.0  0.483  0.490 323.77 324.64 325.27   0.35   0.00   0.00  6.667     0.1274E-03
  51  8500.0  0.497  0.504 323.00 323.99 324.70   0.40   0.00   0.00  6.667     0.1256E-03
  50  8250.0  0.512  0.519 322.23 323.38 324.16   0.46   0.00   0.00  6.667     0.1260E-03
  49  8000.0  0.526  0.534 321.45 322.76 323.64   0.52   0.00   0.00  6.667     0.1243E-03
  48  7750.0  0.541  0.549 320.68 322.18 323.15   0.60   0.00   0.00  6.667     0.1247E-03
  47  7500.0  0.557  0.564 319.90 321.60 322.69   0.68   0.00   0.00  6.667     0.1232E-03
  46  7250.0  0.572  0.580 319.13 321.07 322.26   0.77   0.00   0.00  6.667     0.1236E-03
  45  7000.0  0.588  0.596 318.35 320.53 321.85   0.87   0.00   0.00  6.667     0.1222E-03
  44  6750.0  0.605  0.613 317.57 320.05 321.49   0.99   0.00   0.00  6.667     0.1226E-03
  43  6500.0  0.621  0.630 316.78 319.57 321.16   1.11   0.00   0.00  6.667     0.1213E-03
  42  6250.0  0.638  0.647 316.00 319.16 320.88   1.26   0.00   0.00  6.667     0.1217E-03
  41  6000.0  0.656  0.664 315.21 318.74 320.64   1.41   0.00   0.00  6.667     0.1206E-03
  40  5750.0  0.673  0.682 314.42 318.40 320.44   1.59   0.00   0.00  6.596     0.1210E-03
  39  5505.3  0.691  0.700 313.64 318.06 320.30   1.77   0.00   0.00  6.526     0.1201E-03
  38  5260.5  0.709  0.718 312.86 317.81 320.21   1.98   0.00   0.00  6.386     0.1204E-03
  37  5026.3  0.727  0.735 312.11 317.57 320.17   2.18   0.00   0.00  6.246     0.1197E-03
  36  4792.1  0.744  0.753 311.36 317.41 320.18   2.42   0.00   0.00  6.105     0.1199E-03
  35  4568.4  0.762  0.771 310.64 317.26 320.24   2.65   0.00   0.00  5.965     0.1196E-03
  34  4344.7  0.779  0.788 309.91 317.18 320.36   2.91   0.00   0.00  5.825     0.1196E-03
  33  4131.6  0.797  0.805 309.22 317.12 320.52   3.16   0.00   0.00  5.684     0.1196E-03
  32  3918.4  0.814  0.823 308.52 317.11 320.73   3.44   0.00   0.00  5.544     0.1194E-03
  31  3715.8  0.831  0.840 307.85 317.15 320.97   3.72   0.00   0.00  5.404     0.1197E-03
  30  3513.2  0.848  0.856 307.18 317.19 321.27   4.00   0.00   0.00  5.263     0.1193E-03
  29  3321.1  0.865  0.873 306.54 316.46 321.60   3.97   0.00   0.00  5.123     0.1195E-03
  28  3128.9  0.882  0.890 305.90 315.67 321.98   3.91   0.00   0.00  4.982     0.1195E-03
  27  2947.4  0.898  0.906 305.29 315.15 322.38   3.94   0.00   0.00  4.842     0.1193E-03
  26  2765.8  0.914  0.922 304.68 315.20 322.83   4.21   0.00   0.00  4.702     0.1196E-03
  25  2594.7  0.930  0.938 304.10 315.25 323.29   4.46   0.00   0.00  4.561     0.1196E-03
  24  2423.7  0.945  0.953 303.52 315.33 323.80   4.72   0.00   0.00  4.421     0.1195E-03
  23  2263.2  0.961  0.968 302.97 315.44 324.31   4.99   0.00   0.00  4.281     0.1198E-03
  22  2102.6  0.975  0.983 302.42 315.55 324.87   5.25   0.00   0.00  4.140     0.1197E-03
  21  1952.6  0.990  0.997 301.91 315.69 325.42   5.51   0.00   0.00  4.000     0.1198E-03
  20  1802.6  1.004  1.011 301.39 315.84 326.01   5.78   0.00   0.00  3.860     0.1200E-03
  19  1663.2  1.018  1.025 300.91 315.98 326.59   6.03   0.00   0.00  3.719     0.1199E-03
  18  1523.7  1.032  1.038 300.42 316.17 327.21   6.30   0.00   0.00  3.579     0.1201E-03
  17  1394.7  1.045  1.051 299.97 316.34 327.80   6.55   0.00   0.00  3.439     0.1201E-03
  16  1265.8  1.057  1.064 299.52 316.52 328.43   6.80   0.00   0.00  3.298     0.1202E-03
  15  1147.4  1.070  1.076 299.10 316.71 329.03   7.04   0.00   0.00  3.158     0.1203E-03
  14  1028.9  1.082  1.087 298.68 316.90 329.65   7.29   0.00   0.00  3.018     0.1202E-03
  13   921.1  1.093  1.099 298.30 317.09 330.25   7.51   0.00   0.00  2.877     0.1204E-03
  12   813.2  1.104  1.109 297.92 317.28 330.86   7.74   0.00   0.00  2.737     0.1203E-03
  11   715.8  1.114  1.120 297.57 317.46 331.43   7.96   0.00   0.00  2.596     0.1204E-03
  10   618.4  1.124  1.129 297.22 317.65 332.02   8.17   0.00   0.00  2.456     0.1204E-03
   9   531.6  1.134  1.139 296.91 317.83 332.56   8.36   0.00   0.00  2.316     0.1204E-03
   8   444.7  1.143  1.147 296.60 318.01 333.12   8.56   0.00   0.00  2.175     0.1205E-03
   7   368.4  1.151  1.156 296.33 318.17 333.62   8.73   0.00   0.00  2.035     0.1205E-03
   6   292.1  1.159  1.163 296.05 318.33 334.13   8.91   0.00   0.00  1.895     0.1205E-03
   5   226.3  1.167  1.170 295.82 318.48 334.58   9.06   0.00   0.00  1.754     0.1205E-03
   4   160.5  1.174  1.177 295.58 318.63 335.04   9.22   0.00   0.00  1.614     0.1205E-03
   3   105.3  1.180  1.183 295.38 318.76 335.43   9.35   0.00   0.00  1.474     0.1204E-03
   2    50.0  1.185  1.188 295.18 318.89 335.83   9.48   0.00   0.00  1.070     0.1205E-03
   1    25.0  1.189  1.192 295.09 318.94 336.01   9.54   0.00   0.00  1.000      0.000    
  k      z    rho     rhoi    s      h     h*      qt      u      v     adz     
 Nsq
 
   k      z      dz     pres   presi   Tabs     tp     tpl      qt      Qc      
 Qi      REL
 128 27750.00  250.00   13.35   13.64  195.70  672.16  672.16  0.0000  0.0000  0.0000    0.00
 127 27500.00  250.00   13.94   14.25  195.70  663.82  663.82  0.0000  0.0000  0.0000    0.00
 126 27250.00  250.00   14.56   14.88  195.73  655.69  655.69  0.0000  0.0000  0.0000    0.00
 125 27000.00  250.00   15.21   15.55  195.73  647.56  647.56  0.0000  0.0000  0.0000    0.00
 124 26750.00  250.00   15.89   16.24  195.76  639.63  639.63  0.0000  0.0000  0.0000    0.00
 123 26500.00  250.00   16.60   16.97  195.76  631.71  631.71  0.0000  0.0000  0.0000    0.00
 122 26250.00  250.00   17.34   17.72  195.79  623.97  623.97  0.0000  0.0000  0.0000    0.00
 121 26000.00  250.00   18.12   18.52  195.79  616.23  616.23  0.0000  0.0000  0.0000    0.00
 120 25750.00  250.00   18.92   19.34  195.82  608.69  608.69  0.0000  0.0000  0.0000    0.00
 119 25500.00  250.00   19.77   20.20  195.82  601.14  601.14  0.0000  0.0000  0.0000    0.00
 118 25250.00  250.00   20.65   21.10  195.85  593.78  593.78  0.0000  0.0000  0.0000    0.00
 117 25000.00  250.00   21.57   22.05  195.85  586.42  586.42  0.0000  0.0000  0.0000    0.00
 116 24750.00  250.00   22.53   23.03  195.88  579.24  579.24  0.0000  0.0000  0.0000    0.00
 115 24500.00  250.00   23.54   24.06  195.88  572.06  572.06  0.0000  0.0000  0.0000    0.00
 114 24250.00  250.00   24.59   25.13  195.91  565.05  565.05  0.0000  0.0000  0.0000    0.00
 113 24000.00  250.00   25.68   26.25  195.91  558.05  558.05  0.0000  0.0000  0.0000    0.00
 112 23750.00  250.00   26.83   27.42  195.94  551.21  551.21  0.0000  0.0000  0.0000    0.00
 111 23500.00  250.00   28.02   28.64  195.94  544.38  544.38  0.0000  0.0000  0.0000    0.00
 110 23250.00  250.00   29.27   29.92  195.96  537.71  537.71  0.0000  0.0000  0.0000    0.00
 109 23000.00  250.00   30.58   31.25  195.96  531.05  531.05  0.0000  0.0000  0.0000    0.00
 108 22750.00  250.00   31.94   32.64  195.99  524.54  524.54  0.0000  0.0000  0.0000    0.00
 107 22500.00  250.00   33.36   34.10  195.99  518.04  518.04  0.0000  0.0000  0.0000    0.00
 106 22250.00  250.00   34.85   35.62  196.02  511.70  511.70  0.0000  0.0000  0.0000    0.00
 105 22000.00  250.00   36.40   37.20  196.01  505.35  505.35  0.0000  0.0000  0.0000    0.00
 104 21750.00  250.00   38.02   38.86  196.04  499.17  499.17  0.0000  0.0000  0.0000    0.00
 103 21500.00  250.00   39.72   40.59  196.04  492.98  492.98  0.0000  0.0000  0.0000    0.00
 102 21250.00  250.00   41.49   42.40  196.07  486.94  486.94  0.0000  0.0000  0.0000    0.00
 101 21000.00  250.00   43.34   44.29  196.06  480.90  480.90  0.0000  0.0000  0.0000    0.00
 100 20750.00  250.00   45.27   46.26  196.09  475.01  475.01  0.0000  0.0000  0.0000    0.00
  99 20500.00  250.00   47.28   48.32  196.09  469.13  469.13  0.0000  0.0000  0.0000    0.00
  98 20250.00  250.00   49.39   50.48  196.11  463.38  463.38  0.0000  0.0000  0.0000    0.00
  97 20000.00  250.00   51.59   52.73  196.11  457.64  457.64  0.0000  0.0000  0.0000    0.00
  96 19750.00  250.00   53.89   55.07  196.13  452.03  452.03  0.0000  0.0000  0.0000    0.00
  95 19500.00  250.00   56.29   57.53  196.13  446.43  446.43  0.0000  0.0000  0.0000    0.00
  94 19250.00  250.00   58.79   60.09  196.16  440.96  440.96  0.0000  0.0000  0.0000    0.00
  93 19000.00  250.00   61.41   62.76  196.15  435.49  435.49  0.0000  0.0000  0.0000    0.00
  92 18750.00  250.00   64.14   65.56  196.18  430.16  430.16  0.0000  0.0000  0.0000    0.00
  91 18500.00  250.00   67.00   68.48  196.17  424.83  424.83  0.0000  0.0000  0.0000    0.00
  90 18250.00  250.00   69.98   71.52  196.20  419.63  419.63  0.0000  0.0000  0.0000    0.00
  89 18000.00  250.00   73.10   74.71  196.19  414.42  414.42  0.0000  0.0000  0.0000    0.00
  88 17750.00  250.00   76.35   78.03  196.22  409.35  409.35  0.0000  0.0000  0.0000    0.00
  87 17500.00  250.00   79.75   81.51  196.21  404.27  404.27  0.0000  0.0000  0.0000    0.00
  86 17250.00  250.00   83.30   85.13  196.24  399.32  399.32  0.0000  0.0000  0.0000    0.00
  85 17000.00  250.00   87.01   88.92  196.23  394.37  394.37  0.0000  0.0000  0.0000    0.00
  84 16750.00  250.00   90.88   92.88  196.26  389.54  389.54  0.0000  0.0000  0.0000    0.00
  83 16500.00  250.00   94.92   97.01  196.25  384.71  384.71  0.0000  0.0000  0.0000    0.00
  82 16250.00  250.00   99.15  101.33  196.28  380.00  380.00  0.0000  0.0000  0.0000    0.00
  81 16000.00  250.00  103.56  105.84  196.27  375.29  375.29  0.0000  0.0000  0.0000    0.00
  80 15750.00  250.00  108.17  110.55  196.30  370.70  370.70  0.0000  0.0000  0.0000    0.00
  79 15500.00  250.00  112.98  115.47  196.29  366.10  366.10  0.0000  0.0000  0.0000    0.00
  78 15250.00  250.00  118.01  120.61  196.31  361.62  361.62  0.0026  0.0000  0.0000   20.85
  77 15000.00  250.00  123.26  125.97  196.31  357.13  357.13  0.0052  0.0000  0.0000   43.58
  76 14750.00  250.00  128.72  131.53  197.99  355.76  355.76  0.0064  0.0000  0.0000   49.02
  75 14500.00  250.00  134.37  137.28  199.67  354.40  354.40  0.0076  0.0000  0.0000   51.80
  74 14250.00  250.00  140.22  143.23  201.35  353.06  353.06  0.0094  0.0000  0.0000   54.88
  73 14000.00  250.00  146.28  149.39  203.03  351.72  351.72  0.0111  0.0000  0.0000   54.74
  72 13750.00  250.00  152.54  155.75  204.72  350.42  350.42  0.0136  0.0000  0.0000   55.41
  71 13500.00  250.00  159.01  162.34  206.39  349.11  349.11  0.0161  0.0000  0.0000   53.91
  70 13250.00  250.00  165.71  169.14  208.08  347.84  347.84  0.0196  0.0000  0.0000   53.87
  69 13000.00  250.00  172.62  176.18  209.75  346.56  346.56  0.0231  0.0000  0.0000   52.35
  68 12750.00  250.00  179.77  183.44  211.44  345.32  345.32  0.0280  0.0000  0.0000   52.46
  67 12500.00  250.00  187.16  190.95  213.11  344.07  344.07  0.0328  0.0000  0.0000   51.35
  66 12250.00  250.00  194.78  198.70  214.80  342.86  342.86  0.0395  0.0000  0.0000   51.83
  65 12000.00  250.00  202.66  206.70  216.47  341.64  341.64  0.0462  0.0000  0.0000   51.14
  64 11750.00  250.00  210.79  214.95  218.15  340.45  340.45  0.0553  0.0000  0.0000   51.90
  63 11500.00  250.00  219.17  223.47  219.83  339.25  339.25  0.0645  0.0000  0.0000   51.51
  62 11250.00  250.00  227.83  232.26  221.51  338.09  338.09  0.0769  0.0000  0.0000   52.46
  61 11000.00  250.00  236.75  241.33  223.19  336.92  336.92  0.0893  0.0000  0.0000   52.27
  60 10750.00  250.00  245.96  250.68  224.87  335.78  335.78  0.1058  0.0000  0.0000   53.29
  59 10500.00  250.00  255.45  260.31  226.54  334.64  334.64  0.1224  0.0000  0.0000   53.20
  58 10250.00  250.00  265.23  270.24  228.22  333.52  333.52  0.1444  0.0000  0.0000   54.31
  57 10000.00  250.00  275.31  280.47  229.90  332.40  332.40  0.1665  0.0000  0.0000   54.34
  56  9750.00  250.00  285.70  291.02  231.58  331.31  331.31  0.1955  0.0000  0.0000   55.46
  55  9500.00  250.00  296.39  301.87  233.25  330.21  330.21  0.2244  0.0000  0.0000   55.55
  54  9250.00  250.00  307.41  313.05  234.93  329.13  329.13  0.2621  0.0000  0.0000   56.67
  53  9000.00  250.00  318.76  324.56  236.60  328.06  328.06  0.2997  0.0000  0.0000   56.81
  52  8750.00  250.00  330.44  336.41  238.28  327.00  327.00  0.3482  0.0000  0.0000   57.94
  51  8500.00  250.00  342.46  348.61  239.94  325.95  325.95  0.3967  0.0000  0.0000   58.12
  50  8250.00  250.00  354.82  361.15  241.62  324.91  324.91  0.4586  0.0000  0.0000   59.25
  49  8000.00  250.00  367.55  374.06  243.29  323.87  323.87  0.5205  0.0000  0.0000   59.47
  48  7750.00  250.00  380.64  387.33  244.96  322.85  322.85  0.5988  0.0000  0.0000   60.60
  47  7500.00  250.00  394.10  400.98  246.62  321.83  321.83  0.6770  0.0000  0.0000   60.87
  46  7250.00  250.00  407.94  415.02  248.29  320.83  320.83  0.7749  0.0000  0.0000   61.98
  45  7000.00  250.00  422.17  429.44  249.95  319.83  319.83  0.8727  0.0000  0.0000   62.27
  44  6750.00  250.00  436.79  444.27  251.62  318.84  318.84  0.9938  0.0000  0.0000   63.36
  43  6500.00  250.00  451.82  459.50  253.27  317.85  317.85  1.1149  0.0000  0.0000   63.68
  42  6250.00  250.00  467.26  475.16  254.93  316.87  316.87  1.2634  0.0000  0.0000   64.74
  41  6000.00  250.00  483.13  491.23  256.58  315.90  315.90  1.4119  0.0000  0.0000   65.07
  40  5750.00  247.37  499.42  507.57  258.24  314.93  314.93  1.5919  0.0000  0.0000   66.09
  39  5505.26  244.74  515.80  524.16  259.85  313.99  313.99  1.7682  0.0000  0.0000   66.42
  38  5260.53  239.47  532.60  540.81  261.46  313.05  313.05  1.9791  0.0000  0.0000   67.36
  37  5026.32  234.21  549.09  557.50  263.00  312.16  312.16  2.1816  0.0000  0.0000   67.71
  36  4792.10  228.95  565.99  574.21  264.54  311.28  311.28  2.4179  0.0000  0.0000   68.52
  35  4568.42  223.68  582.51  590.93  266.00  310.43  310.43  2.6477  0.0000  0.0000   68.91
  34  4344.74  218.42  599.42  607.63  267.46  309.59  309.59  2.9055  0.0000  0.0000   69.53
  33  4131.58  213.16  615.90  624.29  268.85  308.80  308.80  3.1628  0.0000  0.0000   69.98
  32  3918.42  207.89  632.75  640.89  270.23  308.00  308.00  3.4362  0.0000  0.0000   70.38
  31  3715.79  202.63  649.10  657.41  271.54  307.25  307.25  3.7206  0.0000  0.0000   70.89
  30  3513.16  197.37  665.79  673.83  272.85  306.50  306.50  4.0049  0.0000  0.0000   71.08
  29  3321.05  192.11  681.93  690.13  274.09  305.79  305.79  3.9664  0.0000  0.0000   65.86
  28  3128.95  186.84  698.38  706.28  275.33  305.08  305.08  3.9053  0.0000  0.0000   60.74
  27  2947.37  181.58  714.24  722.28  276.49  304.41  304.41  3.9414  0.0000  0.0000   57.68
  26  2765.79  176.32  730.38  738.09  277.66  303.75  303.75  4.2078  0.0000  0.0000   57.98
  25  2594.74  171.05  745.85  753.69  278.75  303.12  303.12  4.4587  0.0000  0.0000   58.10
  24  2423.68  165.79  761.58  769.06  279.84  302.50  302.50  4.7236  0.0000  0.0000   58.25
  23  2263.16  160.53  776.59  784.19  280.86  301.91  301.91  4.9867  0.0000  0.0000   58.43
  22  2102.63  155.26  791.84  799.05  281.88  301.33  301.33  5.2497  0.0000  0.0000   58.49
  21  1952.63  150.00  806.30  813.62  282.83  300.78  300.78  5.5113  0.0000  0.0000   58.60
  20  1802.63  144.74  820.97  827.87  283.78  300.24  300.24  5.7802  0.0000  0.0000   58.70
  19  1663.16  139.47  834.81  841.80  284.65  299.73  299.73  6.0303  0.0000  0.0000   58.70
  18  1523.68  134.21  848.84  855.39  285.53  299.23  299.23  6.2987  0.0000  0.0000   58.79
  17  1394.74  128.95  861.97  868.60  286.34  298.76  298.76  6.5468  0.0000  0.0000   58.81
  16  1265.79  123.68  875.27  881.43  287.15  298.30  298.30  6.8018  0.0000  0.0000   58.82
  15  1147.37  118.42  887.62  893.86  287.89  297.87  297.87  7.0421  0.0000  0.0000   58.83
  14  1028.95  113.16  900.12  905.87  288.63  297.44  297.44  7.2852  0.0000  0.0000   58.82
  13   921.05  107.89  911.63  917.43  289.30  297.05  297.05  7.5133  0.0000  0.0000   58.81
  12   813.16  102.63  923.26  928.55  289.97  296.67  296.67  7.7432  0.0000  0.0000   58.78
  11   715.79   97.37  933.86  939.19  290.58  296.32  296.32  7.9552  0.0000  0.0000   58.75
  10   618.42   92.11  944.55  949.35  291.18  295.97  295.97  8.1698  0.0000  0.0000   58.71
   9   531.58   86.84  954.17  959.01  291.72  295.66  295.66  8.3635  0.0000  0.0000   58.67
   8   444.74   81.58  963.87  968.16  292.26  295.35  295.35  8.5602  0.0000  0.0000   58.62
   7   368.42   76.32  972.46  976.78  292.73  295.08  295.08  8.7345  0.0000  0.0000   58.57
   6   292.11   71.05  981.11  984.86  293.20  294.80  294.80  8.9104  0.0000  0.0000   58.52
   5   226.32   65.79  988.62  992.39  293.61  294.57  294.57  9.0639  0.0000  0.0000   58.47
   4   160.53   60.53  996.17  999.36  294.01  294.33  294.33  9.2184  0.0000  0.0000   58.42
   3   105.26   55.26 1002.55 1005.76  294.35  294.14  294.14  9.3489  0.0000  0.0000   58.37
   2    50.00   40.13 1008.97 1010.42  294.69  293.94  293.94  9.4805  0.0000  0.0000   58.31
   1    25.00   37.50 1011.88 1014.80  294.85  293.85  293.85  9.5400  0.0000  0.0000   58.29
   k      z      dz     pres   presi   Tabs     tp     tpl      qt      Qc      
 Qi      REL
 Smagorinsky SGS Closure
 initialize with warm bubble:
 bubble_x0=   128000.000000000     
 bubble_y0=   128000.000000000     
 bubble_z0=  0.000000000000000E+000
 bubble_radius_hor=   30000.0000000000     
 bubble_radius_ver=   3000.00000000000     
 bubble_dtemp=  0.000000000000000E+000
 bubble_dq=  5.000000000000000E-003
 Initializeing forcing data...
 sounding data: nsnd=           3   nzsnd=          74
 Observed sounding interval (days):  0.000000000000000E+000
   2000.00000000000     
 
 Case: isolated_convection_test
 Caseid: P3_256x256x128_Nc0_100_frq_30min2D_1hr3D_lowRH_3km_QLAT_new3
 New Run.
 Day:  0.000000000000000E+000
 Model type: CEM
 Finish at timestep:        2880
 Finish on day:   1.00000000000000     
 
 Statistics file ouput frequency:           60  steps
 Statistics file sampling: every           15  steps
 printouts frequency:           4  steps
 Adams-Bashforth scheme order:           3
 
 Global Grid:         256         256         128
 Local Grid:          32          32         128
 Grid spacing (m) dx, dy, dz:   1000.00000000000        1000.00000000000     
   37.5000000000000     
 Domain dimensions (m):   256000.000000000        256000.000000000     
   27750.0000000000     
 dowallx= F
 dowally= F
 
 Timestep (sec):   30.0000000000000     
 domain translation velocities ug, vg:  0.000000000000000E+000
  0.000000000000000E+000
 
 do column model F
 do convective parameterization F
 do spange damping at the domain top:  T
 maintain grad. of scalars at the top: T
 clouds are allowed: T
 precipitation is allowed: T
 smoke cloud F
 SGS scheme is on: T
 larger-scale subsidence is on: F
 larger-scale tendency is on: F
 coriolis force is allowed: F
 vertical coriolis force is allowed: F
 longwave radiation: T
 shortwave radiation: T
 do seasonal solar cycle: F
 do perpetual sun: T
 compute effective radius for liquid: T
 compute effective radius for ice: T
 doradsimple =  F
 doradhomo = F
 dosolarconstant =  T
 solar_constant =    423.500000000000     
 zenith_angle =    42.8900000000000     
 doradlon =  F
 doradlat =  F
 Latitude0:  0.000000000000000E+000
 Longitude0:  0.000000000000000E+000
 rundatadir = ./RUNDATA
 factor to change present CO2 concentration: nxco2=   1.00000000000000     
 surface flux parameterization is on: T
 Surface type: OCEAN
  sensible heat flux prescribed: F
  latent heat flux prescribed: F
  surface stress prescribed: F
 dosfchomo =  F
 doisccp =  T
 domodis =  T
 domisr =  T
 dosimfilesout= F
 dodynamicocean = F
 doseawater= T
 salt_factor (satur. correction for salty water)=  0.981000000000000     
 dotracers = F
 output_sep = F
 perturb_type =            2
 doSAMconditionals = F
 dosatupdnconditionals = T
 doscamiopdata = F
 iopfile:
 dozero_out_day0 = F
 nsave2D =           60
 nsave2Dstart =            0
 nsave2Dend =     99960480
 save2Dbin =  T
 nsave3D =          120
 nsave3Dstart =            0
 nsave3Dend =     99960480
 save3Dbin =  T
 qnsave3D =   0.000000000000000E+000
 docolumn =  F
 doensemble =  F
 nensemble =            0
 nstatmom =         1000
 nstatmomstart =            1
 nstatmomend =            0
 savemombin =  F
 nmovie =         1000
 nmoviestart =     99999999
 nmovieend =     99999999
 nfields1           1
 nmicro fields          11
 nfields1           1
 nmicro fields          11
 nfields1           1
 nmicro fields          11
 nfields1           1
 nfields1           1
 nmicro fields          11
 nfields1           1
 nmicro fields          11
 nfields1           1
 nmicro fields          11
 nfields1           1
 nmicro fields          11
 nfields1           1
 nmicro fields          11
 nfields1           1
 nmicro fields          11
 nfields1           1
 nmicro fields          11
 nfields1           1
 nmicro fields          11
 nfields1           1
 nmicro fields          11
 nfields1           1
 nmicro fields          11
 nfields1           1
 nmicro fields          11
 nfields1           1
 nmicro fields          11
 nfields1           1
 nmicro fields          11
 nfields1           1
 nmicro fields          11
 nfields1           1
 nmicro fields          11
 nfields1           1
 nmicro fields          11
 nfields1           1
 nmicro fields          11
 nfields1           1
 nmicro fields          11
 nfields1           1
 nmicro fields          11
 nfields1           1
 nmicro fields          11
 nfields1           1
 nfields1           1
 nmicro fields          11
 nfields1           1
 nmicro fields          11
 nfields1           1
 nmicro fields          11
 nfields1           1
 nmicro fields          11
 nfields1           1
 nmicro fields          11
 nfields1           1
 nmicro fields          11
 nfields1           1
 nmicro fields          11
 nfields1           1
 nmicro fields          11
 nfields1           1
 nmicro fields          11
 nfields1           1
 nmicro fields          11
 nfields1           1
 nmicro fields          11
 nfields1           1
 nmicro fields          11
 nfields1           1
 nmicro fields          11
 nfields1           1
 nmicro fields          11
 nfields1           1
 nmicro fields          11
 nfields1           1
 nmicro fields          11
 nfields1           1
 nmicro fields          11
 nfields1           1
 nmicro fields          11
 nfields1           1
 nmicro fields          11
 nfields1           1
 nmicro fields          11
 nfields1           1
 nmicro fields          11
 nfields1           1
 nmicro fields          11
 nfields1           1
 nmicro fields          11
 nfields1           1
 nmicro fields          11
 nfields1           1
 nmicro fields          11
 nfields1           1
 nmicro fields          11
 nfields1           1
 nmicro fields          11
 nfields1           1
 nmicro fields          11
 nfields1           1
 nmicro fields          11
 nfields1           1
 nmicro fields          11
 nfields1           1
 nmicro fields          11
 nfields1           1
 nmicro fields          11
 nfields1           1
 nmicro fields          11
 nfields1           1
 nmicro fields          11
 nfields1           1
 nmicro fields          11
 nfields1           1
 nmicro fields          11
 nfields1           1
 nmicro fields          11
 nfields1           1
 nmicro fields          11
 nfields1           1
 nmicro fields          11
 nmicro fields          11
 nmicro fields          11
 nfields1           2
 nmicro fields          11
 nfields1           2
 nmicro fields          11
 nfields1           2
 nmicro fields          11
 nfields1           2
 nmicro fields          11
 nfields1           2
 nmicro fields          11
 nfields1           2
 nmicro fields          11
 nfields1           2
 nmicro fields          11
 nfields1           2
 nmicro fields          11
 nfields1           2
 nmicro fields          11
 nfields1           2
 nmicro fields          11
 nfields1           2
 nmicro fields          11
 nfields1           2
 nmicro fields          11
 nfields1           2
 nmicro fields          11
 nfields1           2
 nmicro fields          11
 nfields1           2
 nmicro fields          11
 nfields1           2
 nmicro fields          11
 nfields1           2
 nmicro fields          11
 nfields1           2
 nmicro fields          11
 nfields1           2
 nmicro fields          11
 nfields1           2
 nmicro fields          11
 nfields1           2
 nmicro fields          11
 nfields1           2
 nmicro fields          11
 nfields1           2
 nmicro fields          11
 nfields1           2
 nmicro fields          11
 nfields1           2
 nmicro fields          11
 nfields1           2
 nmicro fields          11
 nfields1           2
 nmicro fields          11
 nfields1           2
 nmicro fields          11
 nfields1           2
 nmicro fields          11
 nfields1           2
 nmicro fields          11
 nfields1           2
 nmicro fields          11
 nfields1           2
 nmicro fields          11
 nfields1           2
 nmicro fields          11
 nfields1           2
 nmicro fields          11
 nfields1           2
 nmicro fields          11
 nfields1           2
 nmicro fields          11
 nfields1           2
 nmicro fields          11
 nfields1           2
 nmicro fields          11
 nfields1           2
 nmicro fields          11
 nfields1           2
 nmicro fields          11
 nfields1           2
 nmicro fields          11
 nfields1           2
 nmicro fields          11
 nfields1           2
 nmicro fields          11
 nfields1           2
 nmicro fields          11
 nfields1           2
 nmicro fields          11
 nfields1           2
 nfields1           2
 nmicro fields          11
 nfields1           2
 nmicro fields          11
 nfields1           2
 nmicro fields          11
 nfields1           2
 nmicro fields          11
 nfields1           2
 nmicro fields          11
 nfields1           2
 nmicro fields          11
 nfields1           2
 nmicro fields          11
 nfields1           2
 nmicro fields          11
 nfields1           2
 nmicro fields          11
 nfields1           2
 nmicro fields          11
 nfields1           2
 nmicro fields          11
 nfields1           2
 nmicro fields          11
 nfields1           2
 nmicro fields          11
 nfields1           2
 nmicro fields          11
 nfields1           2
 nfields1           2
 nmicro fields          11
 nfields1           2
 nmicro fields          11
 nfields1           2
 nmicro fields          11
 nmicro fields          11
 nmicro fields          11
 nfields1           3
 nmicro fields          11
 nfields1           3
 nmicro fields          11
 nfields1           3
 nmicro fields          11
 nfields1           3
 nmicro fields          11
 nfields1           3
 nmicro fields          11
 nfields1           3
 nmicro fields          11
 nfields1           3
 nmicro fields          11
 nfields1           3
 nmicro fields          11
 nfields1           3
 nmicro fields          11
 nfields1           3
 nmicro fields          11
 nfields1           3
 nmicro fields          11
 nfields1           3
 nmicro fields          11
 nfields1           3
 nmicro fields          11
 nfields1           3
 nmicro fields          11
 nfields1           3
 nfields1           3
 nmicro fields          11
 nfields1           3
 nmicro fields          11
 nfields1           3
 nmicro fields          11
 nfields1           3
 nmicro fields          11
 nfields1           3
 nfields1           3
 nmicro fields          11
 nfields1           3
 nmicro fields          11
 nfields1           3
 nmicro fields          11
 nfields1           3
 nmicro fields          11
 nfields1           3
 nmicro fields          11
 nfields1           3
 nmicro fields          11
 nfields1           3
 nmicro fields          11
 nfields1           3
 nmicro fields          11
 nfields1           3
 nmicro fields          11
 nfields1           3
 nmicro fields          11
 nfields1           3
 nmicro fields          11
 nfields1           3
 nmicro fields          11
 nfields1           3
 nmicro fields          11
 nfields1           3
 nmicro fields          11
 nfields1           3
 nmicro fields          11
 nfields1           3
 nmicro fields          11
 nfields1           3
 nmicro fields          11
 nfields1           3
 nmicro fields          11
 nfields1           3
 nmicro fields          11
 nfields1           3
 nmicro fields          11
 nfields1           3
 nmicro fields          11
 nfields1           3
 nmicro fields          11
 nfields1           3
 nmicro fields          11
 nfields1           3
 nmicro fields          11
 nfields1           3
 nmicro fields          11
 nfields1           3
 nmicro fields          11
 nfields1           3
 nmicro fields          11
 nfields1           3
 nmicro fields          11
 nfields1           3
 nmicro fields          11
 nfields1           3
 nmicro fields          11
 nfields1           3
 nmicro fields          11
 nfields1           3
 nmicro fields          11
 nfields1           3
 nmicro fields          11
 nfields1           3
 nmicro fields          11
 nfields1           3
 nmicro fields          11
 nfields1           3
 nmicro fields          11
 nfields1           3
 nmicro fields          11
 nfields1           3
 nmicro fields          11
 nfields1           3
 nmicro fields          11
 nfields1           3
 nmicro fields          11
 nfields1           3
 nmicro fields          11
 nfields1           3
 nmicro fields          11
 nfields1           3
 nmicro fields          11
 nfields1           3
 nmicro fields          11
 nmicro fields          11
 nmicro fields          11
 nfields1           4
 nmicro fields          11
 nfields1           4
 nmicro fields          11
 nfields1           4
 nmicro fields          11
 nfields1           4
 nmicro fields          11
 nfields1           4
 nmicro fields          11
 nfields1           4
 nmicro fields          11
 nfields1           4
 nmicro fields          11
 nfields1           4
 nmicro fields          11
 nfields1           4
 nmicro fields          11
 nfields1           4
 nmicro fields          11
 nfields1           4
 nmicro fields          11
 nfields1           4
 nfields1           4
 nmicro fields          11
 nfields1           4
 nmicro fields          11
 nfields1           4
 nmicro fields          11
 nfields1           4
 nmicro fields          11
 nfields1           4
 nmicro fields          11
 nfields1           4
 nmicro fields          11
 nfields1           4
 nmicro fields          11
 nfields1           4
 nmicro fields          11
 nfields1           4
 nmicro fields          11
 nfields1           4
 nmicro fields          11
 nfields1           4
 nmicro fields          11
 nfields1           4
 nmicro fields          11
 nfields1           4
 nmicro fields          11
 nfields1           4
 nmicro fields          11
 nfields1           4
 nfields1           4
 nmicro fields          11
 nfields1           4
 nmicro fields          11
 nfields1           4
 nmicro fields          11
 nfields1           4
 nmicro fields          11
 nfields1           4
 nmicro fields          11
 nfields1           4
 nmicro fields          11
 nfields1           4
 nmicro fields          11
 nfields1           4
 nmicro fields          11
 nfields1           4
 nmicro fields          11
 nfields1           4
 nmicro fields          11
 nfields1           4
 nmicro fields          11
 nfields1           4
 nmicro fields          11
 nfields1           4
 nmicro fields          11
 nfields1           4
 nmicro fields          11
 nfields1           4
 nmicro fields          11
 nfields1           4
 nmicro fields          11
 nfields1           4
 nmicro fields          11
 nfields1           4
 nmicro fields          11
 nfields1           4
 nmicro fields          11
 nfields1           4
 nmicro fields          11
 nfields1           4
 nmicro fields          11
 nfields1           4
 nmicro fields          11
 nfields1           4
 nmicro fields          11
 nfields1           4
 nmicro fields          11
 nfields1           4
 nmicro fields          11
 nfields1           4
 nmicro fields          11
 nfields1           4
 nmicro fields          11
 nfields1           4
 nmicro fields          11
 nfields1           4
 nmicro fields          11
 nfields1           4
 nmicro fields          11
 nfields1           4
 nmicro fields          11
 nfields1           4
 nmicro fields          11
 nfields1           4
 nmicro fields          11
 nfields1           4
 nmicro fields          11
 nfields1           4
 nmicro fields          11
 nfields1           4
 nmicro fields          11
 nfields1           4
 nmicro fields          11
 nmicro fields          11
 nmicro fields          11
 nfields1           5
 nmicro fields          11
 nfields1           5
 nmicro fields          11
 nfields1           5
 nmicro fields          11
 nfields1           5
 nmicro fields          11
 nfields1           5
 nmicro fields          11
 nfields1           5
 nmicro fields          11
 nfields1           5
 nmicro fields          11
 nfields1           5
 nmicro fields          11
 nfields1           5
 nmicro fields          11
 nfields1           5
 nmicro fields          11
 nfields1           5
 nmicro fields          11
 nfields1           5
 nmicro fields          11
 nfields1           5
 nmicro fields          11
 nfields1           5
 nmicro fields          11
 nfields1           5
 nmicro fields          11
 nfields1           5
 nmicro fields          11
 nfields1           5
 nmicro fields          11
 nfields1           5
 nmicro fields          11
 nfields1           5
 nmicro fields          11
 nfields1           5
 nfields1           5
 nmicro fields          11
 nfields1           5
 nmicro fields          11
 nfields1           5
 nmicro fields          11
 nfields1           5
 nmicro fields          11
 nfields1           5
 nmicro fields          11
 nfields1           5
 nmicro fields          11
 nfields1           5
 nmicro fields          11
 nfields1           5
 nmicro fields          11
 nfields1           5
 nmicro fields          11
 nfields1           5
 nmicro fields          11
 nfields1           5
 nmicro fields          11
 nfields1           5
 nmicro fields          11
 nfields1           5
 nmicro fields          11
 nfields1           5
 nmicro fields          11
 nfields1           5
 nmicro fields          11
 nfields1           5
 nmicro fields          11
 nfields1           5
 nmicro fields          11
 nfields1           5
 nmicro fields          11
 nfields1           5
 nmicro fields          11
 nfields1           5
 nmicro fields          11
 nfields1           5
 nmicro fields          11
 nfields1           5
 nmicro fields          11
 nfields1           5
 nmicro fields          11
 nfields1           5
 nmicro fields          11
 nfields1           5
 nmicro fields          11
 nfields1           5
 nmicro fields          11
 nfields1           5
 nmicro fields          11
 nfields1           5
 nmicro fields          11
 nfields1           5
 nmicro fields          11
 nfields1           5
 nmicro fields          11
 nfields1           5
 nmicro fields          11
 nfields1           5
 nmicro fields          11
 nfields1           5
 nmicro fields          11
 nfields1           5
 nmicro fields          11
 nfields1           5
 nmicro fields          11
 nfields1           5
 nmicro fields          11
 nfields1           5
 nfields1           5
 nmicro fields          11
 nfields1           5
 nmicro fields          11
 nfields1           5
 nmicro fields          11
 nfields1           5
 nmicro fields          11
 nfields1           5
 nmicro fields          11
 nfields1           5
 nmicro fields          11
 nfields1           5
 nmicro fields          11
 nmicro fields          11
 nmicro fields          11
 nfields1           6
 nmicro fields          11
 nfields1           6
 nmicro fields          11
 nfields1           6
 nmicro fields          11
 nfields1           6
 nmicro fields          11
 nfields1           6
 nmicro fields          11
 nfields1           6
 nmicro fields          11
 nfields1           6
 nmicro fields          11
 nfields1           6
 nmicro fields          11
 nfields1           6
 nmicro fields          11
 nfields1           6
 nmicro fields          11
 nfields1           6
 nmicro fields          11
 nfields1           6
 nmicro fields          11
 nfields1           6
 nmicro fields          11
 nfields1           6
 nmicro fields          11
 nfields1           6
 nmicro fields          11
 nfields1           6
 nfields1           6
 nmicro fields          11
 nfields1           6
 nmicro fields          11
 nfields1           6
 nmicro fields          11
 nfields1           6
 nmicro fields          11
 nfields1           6
 nmicro fields          11
 nfields1           6
 nmicro fields          11
 nfields1           6
 nmicro fields          11
 nfields1           6
 nmicro fields          11
 nfields1           6
 nmicro fields          11
 nfields1           6
 nmicro fields          11
 nfields1           6
 nmicro fields          11
 nfields1           6
 nmicro fields          11
 nfields1           6
 nmicro fields          11
 nfields1           6
 nmicro fields          11
 nfields1           6
 nmicro fields          11
 nfields1           6
 nmicro fields          11
 nfields1           6
 nmicro fields          11
 nfields1           6
 nmicro fields          11
 nfields1           6
 nmicro fields          11
 nfields1           6
 nmicro fields          11
 nfields1           6
 nmicro fields          11
 nfields1           6
 nmicro fields          11
 nfields1           6
 nfields1           6
 nmicro fields          11
 nfields1           6
 nmicro fields          11
 nfields1           6
 nmicro fields          11
 nfields1           6
 nmicro fields          11
 nfields1           6
 nmicro fields          11
 nfields1           6
 nmicro fields          11
 nfields1           6
 nmicro fields          11
 nfields1           6
 nmicro fields          11
 nfields1           6
 nmicro fields          11
 nfields1           6
 nmicro fields          11
 nfields1           6
 nmicro fields          11
 nfields1           6
 nmicro fields          11
 nfields1           6
 nmicro fields          11
 nfields1           6
 nmicro fields          11
 nfields1           6
 nmicro fields          11
 nfields1           6
 nmicro fields          11
 nfields1           6
 nmicro fields          11
 nfields1           6
 nmicro fields          11
 nfields1           6
 nmicro fields          11
 nfields1           6
 nmicro fields          11
 nfields1           6
 nmicro fields          11
 nfields1           6
 nmicro fields          11
 nfields1           6
 nmicro fields          11
 nfields1           6
 nmicro fields          11
 nmicro fields          11
 nfields1           6
 nmicro fields          11
 nmicro fields          11
 nfields1           7
 nmicro fields          11
 nfields1           7
 nmicro fields          11
 nfields1           7
 nmicro fields          11
 nfields1           7
 nmicro fields          11
 nfields1           7
 nmicro fields          11
 nfields1           7
 nmicro fields          11
 nfields1           7
 nmicro fields          11
 nfields1           7
 nmicro fields          11
 nfields1           7
 nmicro fields          11
 nfields1           7
 nmicro fields          11
 nfields1           7
 nmicro fields          11
 nfields1           7
 nmicro fields          11
 nfields1           7
 nmicro fields          11
 nfields1           7
 nmicro fields          11
 nfields1           7
 nmicro fields          11
 nfields1           7
 nmicro fields          11
 nfields1           7
 nmicro fields          11
 nfields1           7
 nmicro fields          11
 nfields1           7
 nmicro fields          11
 nfields1           7
 nfields1           7
 nmicro fields          11
 nfields1           7
 nmicro fields          11
 nfields1           7
 nfields1           7
 nmicro fields          11
 nfields1           7
 nmicro fields          11
 nfields1           7
 nmicro fields          11
 nfields1           7
 nmicro fields          11
 nfields1           7
 nmicro fields          11
 nfields1           7
 nmicro fields          11
 nfields1           7
 nmicro fields          11
 nfields1           7
 nmicro fields          11
 nfields1           7
 nmicro fields          11
 nfields1           7
 nmicro fields          11
 nfields1           7
 nmicro fields          11
 nfields1           7
 nmicro fields          11
 nfields1           7
 nmicro fields          11
 nfields1           7
 nmicro fields          11
 nfields1           7
 nmicro fields          11
 nfields1           7
 nmicro fields          11
 nfields1           7
 nmicro fields          11
 nfields1           7
 nmicro fields          11
 nfields1           7
 nmicro fields          11
 nfields1           7
 nmicro fields          11
 nfields1           7
 nmicro fields          11
 nfields1           7
 nmicro fields          11
 nfields1           7
 nmicro fields          11
 nfields1           7
 nmicro fields          11
 nfields1           7
 nmicro fields          11
 nfields1           7
 nmicro fields          11
 nfields1           7
 nmicro fields          11
 nfields1           7
 nmicro fields          11
 nfields1           7
 nmicro fields          11
 nfields1           7
 nmicro fields          11
 nfields1           7
 nmicro fields          11
 nfields1           7
 nmicro fields          11
 nfields1           7
 nmicro fields          11
 nfields1           7
 nmicro fields          11
 nfields1           7
 nmicro fields          11
 nfields1           7
 nmicro fields          11
 nfields1           7
 nmicro fields          11
 nfields1           7
 nmicro fields          11
 nfields1           7
 nmicro fields          11
 nfields1           7
 nmicro fields          11
 nmicro fields          11
 nfields1           7
 nmicro fields          11
 nmicro fields          11
 nfields1           8
 nmicro fields          11
 nfields1           8
 nmicro fields          11
 nfields1           8
 nmicro fields          11
 nfields1           8
 nmicro fields          11
 nfields1           8
 nmicro fields          11
 nfields1           8
 nmicro fields          11
 nfields1           8
 nmicro fields          11
 nfields1           8
 nmicro fields          11
 nfields1           8
 nmicro fields          11
 nfields1           8
 nmicro fields          11
 nfields1           8
 nmicro fields          11
 nfields1           8
 nmicro fields          11
 nfields1           8
 nmicro fields          11
 nfields1           8
 nmicro fields          11
 nfields1           8
 nmicro fields          11
 nfields1           8
 nmicro fields          11
 nfields1           8
 nmicro fields          11
 nfields1           8
 nmicro fields          11
 nfields1           8
 nmicro fields          11
 nfields1           8
 nmicro fields          11
 nfields1           8
 nmicro fields          11
 nfields1           8
 nmicro fields          11
 nfields1           8
 nmicro fields          11
 nfields1           8
 nmicro fields          11
 nfields1           8
 nmicro fields          11
 nfields1           8
 nmicro fields          11
 nfields1           8
 nmicro fields          11
 nfields1           8
 nfields1           8
 nmicro fields          11
 nfields1           8
 nmicro fields          11
 nfields1           8
 nmicro fields          11
 nfields1           8
 nmicro fields          11
 nfields1           8
 nmicro fields          11
 nfields1           8
 nmicro fields          11
 nfields1           8
 nmicro fields          11
 nfields1           8
 nmicro fields          11
 nfields1           8
 nmicro fields          11
 nfields1           8
 nmicro fields          11
 nfields1           8
 nmicro fields          11
 nfields1           8
 nmicro fields          11
 nfields1           8
 nmicro fields          11
 nfields1           8
 nmicro fields          11
 nfields1           8
 nfields1           8
 nmicro fields          11
 nfields1           8
 nmicro fields          11
 nfields1           8
 nmicro fields          11
 nfields1           8
 nmicro fields          11
 nfields1           8
 nmicro fields          11
 nfields1           8
 nmicro fields          11
 nfields1           8
 nmicro fields          11
 nfields1           8
 nmicro fields          11
 nfields1           8
 nmicro fields          11
 nfields1           8
 nmicro fields          11
 nfields1           8
 nmicro fields          11
 nfields1           8
 nmicro fields          11
 nfields1           8
 nmicro fields          11
 nfields1           8
 nmicro fields          11
 nfields1           8
 nmicro fields          11
 nfields1           8
 nmicro fields          11
 nfields1           8
 nmicro fields          11
 nfields1           8
 nmicro fields          11
 nfields1           8
 nmicro fields          11
 nfields1           8
 nmicro fields          11
 nfields1           8
 nmicro fields          11
 nmicro fields          11
 nmicro fields          11
 nfields1           9
 nmicro fields          11
 nfields1           9
 nmicro fields          11
 nfields1           9
 nmicro fields          11
 nfields1           9
 nmicro fields          11
 nfields1           9
 nmicro fields          11
 nfields1           9
 nmicro fields          11
 nfields1           9
 nmicro fields          11
 nfields1           9
 nmicro fields          11
 nfields1           9
 nmicro fields          11
 nfields1           9
 nmicro fields          11
 nfields1           9
 nmicro fields          11
 nfields1           9
 nmicro fields          11
 nfields1           9
 nmicro fields          11
 nfields1           9
 nmicro fields          11
 nfields1           9
 nmicro fields          11
 nfields1           9
 nmicro fields          11
 nfields1           9
 nmicro fields          11
 nfields1           9
 nmicro fields          11
 nfields1           9
 nmicro fields          11
 nfields1           9
 nmicro fields          11
 nfields1           9
 nmicro fields          11
 nfields1           9
 nmicro fields          11
 nfields1           9
 nmicro fields          11
 nfields1           9
 nmicro fields          11
 nfields1           9
 nmicro fields          11
 nfields1           9
 nmicro fields          11
 nfields1           9
 nmicro fields          11
 nfields1           9
 nmicro fields          11
 nfields1           9
 nmicro fields          11
 nfields1           9
 nmicro fields          11
 nfields1           9
 nmicro fields          11
 nfields1           9
 nmicro fields          11
 nfields1           9
 nmicro fields          11
 nfields1           9
 nmicro fields          11
 nfields1           9
 nmicro fields          11
 nfields1           9
 nfields1           9
 nmicro fields          11
 nfields1           9
 nmicro fields          11
 nfields1           9
 nmicro fields          11
 nfields1           9
 nmicro fields          11
 nfields1           9
 nmicro fields          11
 nfields1           9
 nmicro fields          11
 nfields1           9
 nmicro fields          11
 nfields1           9
 nmicro fields          11
 nfields1           9
 nmicro fields          11
 nfields1           9
 nmicro fields          11
 nfields1           9
 nmicro fields          11
 nfields1           9
 nmicro fields          11
 nfields1           9
 nmicro fields          11
 nfields1           9
 nmicro fields          11
 nfields1           9
 nmicro fields          11
 nfields1           9
 nmicro fields          11
 nfields1           9
 nmicro fields          11
 nfields1           9
 nmicro fields          11
 nfields1           9
 nmicro fields          11
 nfields1           9
 nmicro fields          11
 nfields1           9
 nfields1           9
 nmicro fields          11
 nfields1           9
 nmicro fields          11
 nfields1           9
 nmicro fields          11
 nfields1           9
 nmicro fields          11
 nfields1           9
 nmicro fields          11
 nfields1           9
 nmicro fields          11
 nfields1           9
 nmicro fields          11
 nmicro fields          11
 nmicro fields          11
 nfields1          10
 nmicro fields          11
 nfields1          10
 nmicro fields          11
 nfields1          10
 nmicro fields          11
 nfields1          10
 nmicro fields          11
 nfields1          10
 nmicro fields          11
 nfields1          10
 nmicro fields          11
 nfields1          10
 nfields1          10
 nmicro fields          11
 nfields1          10
 nmicro fields          11
 nfields1          10
 nmicro fields          11
 nfields1          10
 nmicro fields          11
 nfields1          10
 nmicro fields          11
 nfields1          10
 nmicro fields          11
 nfields1          10
 nmicro fields          11
 nfields1          10
 nmicro fields          11
 nfields1          10
 nmicro fields          11
 nfields1          10
 nmicro fields          11
 nfields1          10
 nmicro fields          11
 nfields1          10
 nmicro fields          11
 nfields1          10
 nmicro fields          11
 nfields1          10
 nmicro fields          11
 nfields1          10
 nmicro fields          11
 nfields1          10
 nmicro fields          11
 nfields1          10
 nmicro fields          11
 nfields1          10
 nmicro fields          11
 nfields1          10
 nmicro fields          11
 nfields1          10
 nmicro fields          11
 nfields1          10
 nmicro fields          11
 nfields1          10
 nmicro fields          11
 nfields1          10
 nmicro fields          11
 nfields1          10
 nmicro fields          11
 nfields1          10
 nmicro fields          11
 nfields1          10
 nmicro fields          11
 nfields1          10
 nmicro fields          11
 nfields1          10
 nmicro fields          11
 nfields1          10
 nmicro fields          11
 nfields1          10
 nmicro fields          11
 nfields1          10
 nmicro fields          11
 nfields1          10
 nmicro fields          11
 nfields1          10
 nmicro fields          11
 nfields1          10
 nmicro fields          11
 nfields1          10
 nmicro fields          11
 nfields1          10
 nmicro fields          11
 nfields1          10
 nmicro fields          11
 nfields1          10
 nmicro fields          11
 nfields1          10
 nmicro fields          11
 nfields1          10
 nmicro fields          11
 nfields1          10
 nmicro fields          11
 nfields1          10
 nmicro fields          11
 nfields1          10
 nmicro fields          11
 nfields1          10
 nmicro fields          11
 nfields1          10
 nfields1          10
 nmicro fields          11
 nfields1          10
 nmicro fields          11
 nfields1          10
 nmicro fields          11
 nfields1          10
 nmicro fields          11
 nfields1          10
 nmicro fields          11
 nfields1          10
 nmicro fields          11
 nfields1          10
 nmicro fields          11
 nfields1          10
 nmicro fields          11
 nfields1          10
 nmicro fields          11
 nfields1          10
 nmicro fields          11
 nfields1          10
 nmicro fields          11
 nfields1          10
 nmicro fields          11
 nmicro fields          11
 nmicro fields          11
 write_fields3D error: nfields=          32   nfields1=          10
 pbm, avoid resubm., nstep=           0 nstop=        2880
 pbm, avoid resubm., nstep=           0 nstop=        2880
 pbm, avoid resubm., nstep=           0 nstop=        2880
 pbm, avoid resubm., nstep=           0 nstop=        2880
 pbm, avoid resubm., nstep=           0 nstop=        2880
 pbm, avoid resubm., nstep=           0 nstop=        2880
 pbm, avoid resubm., nstep=           0 nstop=        2880
 pbm, avoid resubm., nstep=           0 nstop=        2880
 pbm, avoid resubm., nstep=           0 nstop=        2880
 pbm, avoid resubm., nstep=           0 nstop=        2880
 pbm, avoid resubm., nstep=           0 nstop=        2880
 pbm, avoid resubm., nstep=           0 nstop=        2880
 pbm, avoid resubm., nstep=           0 nstop=        2880
 pbm, avoid resubm., nstep=           0 nstop=        2880
 pbm, avoid resubm., nstep=           0 nstop=        2880
 pbm, avoid resubm., nstep=           0 nstop=        2880
 pbm, avoid resubm., nstep=           0 nstop=        2880
 pbm, avoid resubm., nstep=           0 nstop=        2880
 pbm, avoid resubm., nstep=           0 nstop=        2880
 pbm, avoid resubm., nstep=           0 nstop=        2880
 pbm, avoid resubm., nstep=           0 nstop=        2880
 pbm, avoid resubm., nstep=           0 nstop=        2880
 pbm, avoid resubm., nstep=           0 nstop=        2880
 pbm, avoid resubm., nstep=           0 nstop=        2880
 pbm, avoid resubm., nstep=           0 nstop=        2880
 pbm, avoid resubm., nstep=           0 nstop=        2880
 pbm, avoid resubm., nstep=           0 nstop=        2880
 pbm, avoid resubm., nstep=           0 nstop=        2880
 pbm, avoid resubm., nstep=           0 nstop=        2880
 pbm, avoid resubm., nstep=           0 nstop=        2880
 pbm, avoid resubm., nstep=           0 nstop=        2880
 pbm, avoid resubm., nstep=           0 nstop=        2880
 pbm, avoid resubm., nstep=           0 nstop=        2880
 pbm, avoid resubm., nstep=           0 nstop=        2880
 pbm, avoid resubm., nstep=           0 nstop=        2880
 pbm, avoid resubm., nstep=           0 nstop=        2880
 pbm, avoid resubm., nstep=           0 nstop=        2880
 pbm, avoid resubm., nstep=           0 nstop=        2880
 pbm, avoid resubm., nstep=           0 nstop=        2880
 pbm, avoid resubm., nstep=           0 nstop=        2880
 pbm, avoid resubm., nstep=           0 nstop=        2880
 pbm, avoid resubm., nstep=           0 nstop=        2880
 pbm, avoid resubm., nstep=           0 nstop=        2880
 pbm, avoid resubm., nstep=           0 nstop=        2880
 pbm, avoid resubm., nstep=           0 nstop=        2880
 pbm, avoid resubm., nstep=           0 nstop=        2880
 pbm, avoid resubm., nstep=           0 nstop=        2880
 pbm, avoid resubm., nstep=           0 nstop=        2880
 pbm, avoid resubm., nstep=           0 nstop=        2880
 pbm, avoid resubm., nstep=           0 nstop=        2880
 pbm, avoid resubm., nstep=           0 nstop=        2880
 pbm, avoid resubm., nstep=           0 nstop=        2880
 pbm, avoid resubm., nstep=           0 nstop=        2880
 pbm, avoid resubm., nstep=           0 nstop=        2880
 pbm, avoid resubm., nstep=           0 nstop=        2880
 pbm, avoid resubm., nstep=           0 nstop=        2880
 pbm, avoid resubm., nstep=           0 nstop=        2880
 pbm, avoid resubm., nstep=           0 nstop=        2880
 pbm, avoid resubm., nstep=           0 nstop=        2880
 pbm, avoid resubm., nstep=           0 nstop=        2880
 pbm, avoid resubm., nstep=           0 nstop=        2880
 pbm, avoid resubm., nstep=           0 nstop=        2880
 pbm, avoid resubm., nstep=           0 nstop=        2880
 pbm, avoid resubm., nstep=           0 nstop=        2880
srun: error: n1398: tasks 32-63: Exited with exit code 1
srun: Terminating StepId=48731733.0
srun: error: n1395: tasks 0-31: Exited with exit code 1
