n171
n171
n171
n171
n171
n171
n171
n171
n171
n171
n171
n171
n171
n171
n171
n171
n147
n147
n147
n147
n147
n147
n147
n147
n147
n147
n147
n147
n147
n147
n147
n147
n145
n145
n145
n145
n145
n145
n145
n145
n145
n145
n145
n145
n145
n145
n145
n145
n175
n175
n175
n175
n175
n175
n175
n175
n175
n175
n175
n175
n175
n175
n175
n175
 number of MPI tasks:          64
 ==============================================================
  You have chosen to use            1  ice categories in MICRO_P3.
 ==============================================================
 ==============================================================
  You have chosen to use            1  ice categories in MICRO_P3.
 ==============================================================
 ==============================================================
  You have chosen to use            1  ice categories in MICRO_P3.
 ==============================================================
 ==============================================================
  You have chosen to use            1  ice categories in MICRO_P3.
 ==============================================================
 ==============================================================
  You have chosen to use            1  ice categories in MICRO_P3.
 ==============================================================
 ==============================================================
 ==============================================================
  You have chosen to use            1  ice categories in MICRO_P3.
 ==============================================================
  You have chosen to use            1  ice categories in MICRO_P3.
 ==============================================================
 ==============================================================
  You have chosen to use            1  ice categories in MICRO_P3.
 ==============================================================
 ==============================================================
  You have chosen to use            1  ice categories in MICRO_P3.
 ==============================================================
 ==============================================================
  You have chosen to use            1  ice categories in MICRO_P3.
 ==============================================================
 ==============================================================
  You have chosen to use            1  ice categories in MICRO_P3.
 ==============================================================
 ==============================================================
 ==============================================================
  You have chosen to use            1  ice categories in MICRO_P3.
 ==============================================================
  You have chosen to use            1  ice categories in MICRO_P3.
 ==============================================================
 ==============================================================
  You have chosen to use            1  ice categories in MICRO_P3.
 ==============================================================
 ==============================================================
  You have chosen to use            1  ice categories in MICRO_P3.
 ==============================================================
 ==============================================================
  You have chosen to use            1  ice categories in MICRO_P3.
 ==============================================================
 ==============================================================
  You have chosen to use            1  ice categories in MICRO_P3.
 ==============================================================
 ==============================================================
  You have chosen to use            1  ice categories in MICRO_P3.
 ==============================================================
 ==============================================================
 ==============================================================
  You have chosen to use            1  ice categories in MICRO_P3.
 ==============================================================
 ==============================================================
  You have chosen to use            1  ice categories in MICRO_P3.
  You have chosen to use            1  ice categories in MICRO_P3.
 ==============================================================
 ==============================================================
 ==============================================================
 ==============================================================
  You have chosen to use            1  ice categories in MICRO_P3.
 ==============================================================
 ==============================================================
  You have chosen to use            1  ice categories in MICRO_P3.
  You have chosen to use            1  ice categories in MICRO_P3.
 ==============================================================
 ==============================================================
 ==============================================================
 ==============================================================
  You have chosen to use            1  ice categories in MICRO_P3.
 ==============================================================
 ==============================================================
  You have chosen to use            1  ice categories in MICRO_P3.
 ==============================================================
 ==============================================================
 ==============================================================
  You have chosen to use            1  ice categories in MICRO_P3.
 ==============================================================
 ==============================================================
  You have chosen to use            1  ice categories in MICRO_P3.
 ==============================================================
 ==============================================================
  You have chosen to use            1  ice categories in MICRO_P3.
 ==============================================================
  You have chosen to use            1  ice categories in MICRO_P3.
 ==============================================================
  You have chosen to use            1  ice categories in MICRO_P3.
 ==============================================================
 ==============================================================
  You have chosen to use            1  ice categories in MICRO_P3.
 ==============================================================
 ==============================================================
 ==============================================================
  You have chosen to use            1  ice categories in MICRO_P3.
 ==============================================================
  You have chosen to use            1  ice categories in MICRO_P3.
 ==============================================================
 ==============================================================
  You have chosen to use            1  ice categories in MICRO_P3.
 ==============================================================
  You have chosen to use            1  ice categories in MICRO_P3.
 ==============================================================
 ==============================================================
 ==============================================================
  You have chosen to use            1  ice categories in MICRO_P3.
 ==============================================================
 ==============================================================
  You have chosen to use            1  ice categories in MICRO_P3.
 ==============================================================
 ==============================================================
  You have chosen to use            1  ice categories in MICRO_P3.
 ==============================================================
 ==============================================================
 ==============================================================
  You have chosen to use            1  ice categories in MICRO_P3.
 ==============================================================
 ==============================================================
  You have chosen to use            1  ice categories in MICRO_P3.
 ==============================================================
 ==============================================================
  You have chosen to use            1  ice categories in MICRO_P3.
 ==============================================================
 ==============================================================
  You have chosen to use            1  ice categories in MICRO_P3.
 ==============================================================
  You have chosen to use            1  ice categories in MICRO_P3.
 ==============================================================
 ==============================================================
  You have chosen to use            1  ice categories in MICRO_P3.
 ==============================================================
 ==============================================================
  You have chosen to use            1  ice categories in MICRO_P3.
 ==============================================================
 ==============================================================
  You have chosen to use            1  ice categories in MICRO_P3.
 ==============================================================
 ==============================================================
 ==============================================================
  You have chosen to use            1  ice categories in MICRO_P3.
 ==============================================================
  You have chosen to use            1  ice categories in MICRO_P3.
 ==============================================================
 ==============================================================
  You have chosen to use            1  ice categories in MICRO_P3.
 ==============================================================
 ==============================================================
 ==============================================================
  You have chosen to use            1  ice categories in MICRO_P3.
 ==============================================================
  You have chosen to use            1  ice categories in MICRO_P3.
 ==============================================================
 ==============================================================
  You have chosen to use            1  ice categories in MICRO_P3.
 ==============================================================
 ==============================================================
  You have chosen to use            1  ice categories in MICRO_P3.
 ==============================================================
 ==============================================================
  You have chosen to use            1  ice categories in MICRO_P3.
 ==============================================================
 ==============================================================
  You have chosen to use            1  ice categories in MICRO_P3.
 ==============================================================
 ==============================================================
  You have chosen to use            1  ice categories in MICRO_P3.
 ==============================================================
 ==============================================================
 ==============================================================
  You have chosen to use            1  ice categories in MICRO_P3.
 ==============================================================
  You have chosen to use            1  ice categories in MICRO_P3.
 ==============================================================
 ==============================================================
  You have chosen to use            1  ice categories in MICRO_P3.
 ==============================================================
 ==============================================================
  You have chosen to use            1  ice categories in MICRO_P3.
 ==============================================================
 ==============================================================
  You have chosen to use            1  ice categories in MICRO_P3.
 ==============================================================
 ==============================================================
  You have chosen to use            1  ice categories in MICRO_P3.
 ==============================================================
           **************************************************
           **************************************************
           *                                                *
           *      *****          **       ***          **   *
           *    ***   ***       ****      ****       ****   *
           *   ***     ***     *** ***    *****     *****   *
           *    ***           ***   ***   *** **   ** ***   *
           *       ***       ***     ***  ***  ** **  ***   *
           *          ***    ***     ***  ***   ***   ***   *
           *   ***     ***   ***********  ***         ***   *
           *    ***   ***    ***     ***  ***         ***   *
           *      *****      ***     ***  ***         ***   *
           *                                                *
           **************************************************
           **************************************************
           ***       System for Atmospheric Modeling      ***
           ***                    SAM                     ***
                     Version 6.10.9 (Feb 2016)  
           **************************************************
           ***     (C) Marat Khairoutdinov                ***
           *** School of Marine and Atmospheric Sciences  ***
           ***       Stony Brook University               ***
           **************************************************
           ***       The model can be used only with      ***
           ***         permission from the author!        ***
           ***       No transfer to any third party       ***
           ***                is allowed!                 ***
           **************************************************
           **************************************************
           ***       DATE 11/28/25 TIME 08:50:22          ***
           **************************************************
 
 ==============================================================
  You have chosen to use            1  ice categories in MICRO_P3.
 ==============================================================
 
 surface pressure:    1014.80000000000     
 
  P3 microphysics: v3.1.14          
    P3_INIT (reading/creating look-up tables [v4.1, v4.1]) ...
srun: Job step aborted: Waiting up to 302 seconds for job step to finish.
[2025-11-28T08:50:23.960] error: *** JOB 48731478 ON n145 CANCELLED AT 2025-11-28T08:50:23 DUE to SIGNAL Terminated ***
[2025-11-28T08:50:23.960] error: *** STEP 48731478.0 ON n145 CANCELLED AT 2025-11-28T08:50:23 DUE to SIGNAL Terminated ***
forrtl: error (78): process killed (SIGTERM)
Image              PC                Routine            Line        Source             
libc.so.6          000014D62623EBF0  Unknown               Unknown  Unknown
SAM_ADV_UM5_SGS_T  00000000004F73C9  Unknown               Unknown  Unknown
SAM_ADV_UM5_SGS_T  00000000004921DF  Unknown               Unknown  Unknown
SAM_ADV_UM5_SGS_T  00000000006A8966  Unknown               Unknown  Unknown
SAM_ADV_UM5_SGS_T  0000000000477099  Unknown               Unknown  Unknown
SAM_ADV_UM5_SGS_T  00000000004068BD  Unknown               Unknown  Unknown
libc.so.6          000014D6262295D0  Unknown               Unknown  Unknown
libc.so.6          000014D626229680  __libc_start_main     Unknown  Unknown
SAM_ADV_UM5_SGS_T  00000000004067D5  Unknown               Unknown  Unknown
forrtl: error (78): process killed (SIGTERM)
Image              PC                Routine            Line        Source             
libc.so.6          0000146E6A43EBF0  Unknown               Unknown  Unknown
SAM_ADV_UM5_SGS_T  00000000004F731A  Unknown               Unknown  Unknown
SAM_ADV_UM5_SGS_T  00000000004921DF  Unknown               Unknown  Unknown
SAM_ADV_UM5_SGS_T  00000000006A8966  Unknown               Unknown  Unknown
SAM_ADV_UM5_SGS_T  0000000000477099  Unknown               Unknown  Unknown
SAM_ADV_UM5_SGS_T  00000000004068BD  Unknown               Unknown  Unknown
libc.so.6          0000146E6A4295D0  Unknown               Unknown  Unknown
libc.so.6          0000146E6A429680  __libc_start_main     Unknown  Unknown
SAM_ADV_UM5_SGS_T  00000000004067D5  Unknown               Unknown  Unknown
forrtl: error (78): process killed (SIGTERM)
Image              PC                Routine            Line        Source             
libc.so.6          0000152F7E03EBF0  Unknown               Unknown  Unknown
SAM_ADV_UM5_SGS_T  00000000004F7428  Unknown               Unknown  Unknown
SAM_ADV_UM5_SGS_T  00000000004921DF  Unknown               Unknown  Unknown
SAM_ADV_UM5_SGS_T  00000000006A8966  Unknown               Unknown  Unknown
SAM_ADV_UM5_SGS_T  0000000000477099  Unknown               Unknown  Unknown
SAM_ADV_UM5_SGS_T  00000000004068BD  Unknown               Unknown  Unknown
libc.so.6          0000152F7E0295D0  Unknown               Unknown  Unknown
libc.so.6          0000152F7E029680  __libc_start_main     Unknown  Unknown
SAM_ADV_UM5_SGS_T  00000000004067D5  Unknown               Unknown  Unknown
forrtl: error (78): process killed (SIGTERM)
Image              PC                Routine            Line        Source             
libc.so.6          0000153263C3EBF0  Unknown               Unknown  Unknown
SAM_ADV_UM5_SGS_T  0000000000406650  pow                   Unknown  Unknown
SAM_ADV_UM5_SGS_T  00000000004F73C9  Unknown               Unknown  Unknown
SAM_ADV_UM5_SGS_T  00000000004921DF  Unknown               Unknown  Unknown
SAM_ADV_UM5_SGS_T  00000000006A8966  Unknown               Unknown  Unknown
SAM_ADV_UM5_SGS_T  0000000000477099  Unknown               Unknown  Unknown
SAM_ADV_UM5_SGS_T  00000000004068BD  Unknown               Unknown  Unknown
libc.so.6          0000153263C295D0  Unknown               Unknown  Unknown
libc.so.6          0000153263C29680  __libc_start_main     Unknown  Unknown
SAM_ADV_UM5_SGS_T  00000000004067D5  Unknown               Unknown  Unknown
